Determining if the pthread_create exist failed with the following output:
Change Dir: /home/nvidia/github/jetson-tx2/cuda/opencv/blur/build/CMakeFiles/CMakeTmp

Run Build Command:"/usr/bin/make" "cmTC_20f5a/fast"
/usr/bin/make -f CMakeFiles/cmTC_20f5a.dir/build.make CMakeFiles/cmTC_20f5a.dir/build
make[1]: Entering directory '/home/nvidia/github/jetson-tx2/cuda/opencv/blur/build/CMakeFiles/CMakeTmp'
Building C object CMakeFiles/cmTC_20f5a.dir/CheckSymbolExists.c.o
/usr/bin/cc    -fPIC    -o CMakeFiles/cmTC_20f5a.dir/CheckSymbolExists.c.o   -c /home/nvidia/github/jetson-tx2/cuda/opencv/blur/build/CMakeFiles/CMakeTmp/CheckSymbolExists.c
Linking C executable cmTC_20f5a
/usr/bin/cmake -E cmake_link_script CMakeFiles/cmTC_20f5a.dir/link.txt --verbose=1
/usr/bin/cc  -fPIC     CMakeFiles/cmTC_20f5a.dir/CheckSymbolExists.c.o  -o cmTC_20f5a -rdynamic 
CMakeFiles/cmTC_20f5a.dir/CheckSymbolExists.c.o: In function `main':
CheckSymbolExists.c:(.text+0x14): undefined reference to `pthread_create'
CheckSymbolExists.c:(.text+0x18): undefined reference to `pthread_create'
collect2: error: ld returned 1 exit status
CMakeFiles/cmTC_20f5a.dir/build.make:97: recipe for target 'cmTC_20f5a' failed
make[1]: *** [cmTC_20f5a] Error 1
make[1]: Leaving directory '/home/nvidia/github/jetson-tx2/cuda/opencv/blur/build/CMakeFiles/CMakeTmp'
Makefile:126: recipe for target 'cmTC_20f5a/fast' failed
make: *** [cmTC_20f5a/fast] Error 2

File /home/nvidia/github/jetson-tx2/cuda/opencv/blur/build/CMakeFiles/CMakeTmp/CheckSymbolExists.c:
/* */
#include <pthread.h>

int main(int argc, char** argv)
{
  (void)argv;
#ifndef pthread_create
  return ((int*)(&pthread_create))[argc];
#else
  (void)argc;
  return 0;
#endif
}

Determining if the function pthread_create exists in the pthreads failed with the following output:
Change Dir: /home/nvidia/github/jetson-tx2/cuda/opencv/blur/build/CMakeFiles/CMakeTmp

Run Build Command:"/usr/bin/make" "cmTC_fde0d/fast"
/usr/bin/make -f CMakeFiles/cmTC_fde0d.dir/build.make CMakeFiles/cmTC_fde0d.dir/build
make[1]: Entering directory '/home/nvidia/github/jetson-tx2/cuda/opencv/blur/build/CMakeFiles/CMakeTmp'
Building C object CMakeFiles/cmTC_fde0d.dir/CheckFunctionExists.c.o
/usr/bin/cc    -fPIC -DCHECK_FUNCTION_EXISTS=pthread_create   -o CMakeFiles/cmTC_fde0d.dir/CheckFunctionExists.c.o   -c /usr/share/cmake-3.5/Modules/CheckFunctionExists.c
Linking C executable cmTC_fde0d
/usr/bin/cmake -E cmake_link_script CMakeFiles/cmTC_fde0d.dir/link.txt --verbose=1
/usr/bin/cc  -fPIC -DCHECK_FUNCTION_EXISTS=pthread_create    CMakeFiles/cmTC_fde0d.dir/CheckFunctionExists.c.o  -o cmTC_fde0d -rdynamic -lpthreads 
/usr/bin/ld: cannot find -lpthreads
collect2: error: ld returned 1 exit status
CMakeFiles/cmTC_fde0d.dir/build.make:97: recipe for target 'cmTC_fde0d' failed
make[1]: *** [cmTC_fde0d] Error 1
make[1]: Leaving directory '/home/nvidia/github/jetson-tx2/cuda/opencv/blur/build/CMakeFiles/CMakeTmp'
Makefile:126: recipe for target 'cmTC_fde0d/fast' failed
make: *** [cmTC_fde0d/fast] Error 2


