Determining if the pthread_create exist failed with the following output:
Change Dir: /home/nvidia/github/jetson-tx2/camera/1-blur/build/CMakeFiles/CMakeTmp

Run Build Command:"/usr/bin/make" "cmTC_02b3c/fast"
/usr/bin/make -f CMakeFiles/cmTC_02b3c.dir/build.make CMakeFiles/cmTC_02b3c.dir/build
make[1]: Entering directory '/home/nvidia/github/jetson-tx2/camera/1-blur/build/CMakeFiles/CMakeTmp'
Building C object CMakeFiles/cmTC_02b3c.dir/CheckSymbolExists.c.o
/usr/bin/cc    -fPIC    -o CMakeFiles/cmTC_02b3c.dir/CheckSymbolExists.c.o   -c /home/nvidia/github/jetson-tx2/camera/1-blur/build/CMakeFiles/CMakeTmp/CheckSymbolExists.c
Linking C executable cmTC_02b3c
/usr/bin/cmake -E cmake_link_script CMakeFiles/cmTC_02b3c.dir/link.txt --verbose=1
/usr/bin/cc  -fPIC     CMakeFiles/cmTC_02b3c.dir/CheckSymbolExists.c.o  -o cmTC_02b3c -rdynamic 
CMakeFiles/cmTC_02b3c.dir/CheckSymbolExists.c.o: In function `main':
CheckSymbolExists.c:(.text+0x14): undefined reference to `pthread_create'
CheckSymbolExists.c:(.text+0x18): undefined reference to `pthread_create'
collect2: error: ld returned 1 exit status
CMakeFiles/cmTC_02b3c.dir/build.make:97: recipe for target 'cmTC_02b3c' failed
make[1]: *** [cmTC_02b3c] Error 1
make[1]: Leaving directory '/home/nvidia/github/jetson-tx2/camera/1-blur/build/CMakeFiles/CMakeTmp'
Makefile:126: recipe for target 'cmTC_02b3c/fast' failed
make: *** [cmTC_02b3c/fast] Error 2

File /home/nvidia/github/jetson-tx2/camera/1-blur/build/CMakeFiles/CMakeTmp/CheckSymbolExists.c:
/* */
#include <pthread.h>

int main(int argc, char** argv)
{
  (void)argv;
#ifndef pthread_create
  return ((int*)(&pthread_create))[argc];
#else
  (void)argc;
  return 0;
#endif
}

Determining if the function pthread_create exists in the pthreads failed with the following output:
Change Dir: /home/nvidia/github/jetson-tx2/camera/1-blur/build/CMakeFiles/CMakeTmp

Run Build Command:"/usr/bin/make" "cmTC_e62d0/fast"
/usr/bin/make -f CMakeFiles/cmTC_e62d0.dir/build.make CMakeFiles/cmTC_e62d0.dir/build
make[1]: Entering directory '/home/nvidia/github/jetson-tx2/camera/1-blur/build/CMakeFiles/CMakeTmp'
Building C object CMakeFiles/cmTC_e62d0.dir/CheckFunctionExists.c.o
/usr/bin/cc    -fPIC -DCHECK_FUNCTION_EXISTS=pthread_create   -o CMakeFiles/cmTC_e62d0.dir/CheckFunctionExists.c.o   -c /usr/share/cmake-3.5/Modules/CheckFunctionExists.c
Linking C executable cmTC_e62d0
/usr/bin/cmake -E cmake_link_script CMakeFiles/cmTC_e62d0.dir/link.txt --verbose=1
/usr/bin/cc  -fPIC -DCHECK_FUNCTION_EXISTS=pthread_create    CMakeFiles/cmTC_e62d0.dir/CheckFunctionExists.c.o  -o cmTC_e62d0 -rdynamic -lpthreads 
/usr/bin/ld: cannot find -lpthreads
collect2: error: ld returned 1 exit status
CMakeFiles/cmTC_e62d0.dir/build.make:97: recipe for target 'cmTC_e62d0' failed
make[1]: *** [cmTC_e62d0] Error 1
make[1]: Leaving directory '/home/nvidia/github/jetson-tx2/camera/1-blur/build/CMakeFiles/CMakeTmp'
Makefile:126: recipe for target 'cmTC_e62d0/fast' failed
make: *** [cmTC_e62d0/fast] Error 2


