Determining if the pthread_create exist failed with the following output:
Change Dir: /mnt/nvidia/github/jetson-tx2/cuda/camera/cmake-build-debug/CMakeFiles/CMakeTmp

Run Build Command:"/usr/bin/make" "cmTC_2d33f/fast"
/usr/bin/make -f CMakeFiles/cmTC_2d33f.dir/build.make CMakeFiles/cmTC_2d33f.dir/build
make[1]: Entering directory '/mnt/nvidia/github/jetson-tx2/cuda/camera/cmake-build-debug/CMakeFiles/CMakeTmp'
Building C object CMakeFiles/cmTC_2d33f.dir/CheckSymbolExists.c.o
/usr/bin/cc   -fPIC    -o CMakeFiles/cmTC_2d33f.dir/CheckSymbolExists.c.o   -c /mnt/nvidia/github/jetson-tx2/cuda/camera/cmake-build-debug/CMakeFiles/CMakeTmp/CheckSymbolExists.c
Linking C executable cmTC_2d33f
/home/matt/clion-2017.3.3/bin/cmake/bin/cmake -E cmake_link_script CMakeFiles/cmTC_2d33f.dir/link.txt --verbose=1
/usr/bin/cc -fPIC     -rdynamic CMakeFiles/cmTC_2d33f.dir/CheckSymbolExists.c.o  -o cmTC_2d33f 
CMakeFiles/cmTC_2d33f.dir/CheckSymbolExists.c.o: In function `main':
CheckSymbolExists.c:(.text+0x1b): undefined reference to `pthread_create'
collect2: error: ld returned 1 exit status
CMakeFiles/cmTC_2d33f.dir/build.make:97: recipe for target 'cmTC_2d33f' failed
make[1]: *** [cmTC_2d33f] Error 1
make[1]: Leaving directory '/mnt/nvidia/github/jetson-tx2/cuda/camera/cmake-build-debug/CMakeFiles/CMakeTmp'
Makefile:126: recipe for target 'cmTC_2d33f/fast' failed
make: *** [cmTC_2d33f/fast] Error 2

File /mnt/nvidia/github/jetson-tx2/cuda/camera/cmake-build-debug/CMakeFiles/CMakeTmp/CheckSymbolExists.c:
/* */
#include <pthread.h>

int main(int argc, char** argv)
{
  (void)argv;
#ifndef pthread_create
  return ((int*)(&pthread_create))[argc];
#else
  (void)argc;
  return 0;
#endif
}

Determining if the function pthread_create exists in the pthreads failed with the following output:
Change Dir: /mnt/nvidia/github/jetson-tx2/cuda/camera/cmake-build-debug/CMakeFiles/CMakeTmp

Run Build Command:"/usr/bin/make" "cmTC_7d83d/fast"
/usr/bin/make -f CMakeFiles/cmTC_7d83d.dir/build.make CMakeFiles/cmTC_7d83d.dir/build
make[1]: Entering directory '/mnt/nvidia/github/jetson-tx2/cuda/camera/cmake-build-debug/CMakeFiles/CMakeTmp'
Building C object CMakeFiles/cmTC_7d83d.dir/CheckFunctionExists.c.o
/usr/bin/cc   -fPIC -DCHECK_FUNCTION_EXISTS=pthread_create   -o CMakeFiles/cmTC_7d83d.dir/CheckFunctionExists.c.o   -c /home/matt/clion-2017.3.3/bin/cmake/share/cmake-3.9/Modules/CheckFunctionExists.c
Linking C executable cmTC_7d83d
/home/matt/clion-2017.3.3/bin/cmake/bin/cmake -E cmake_link_script CMakeFiles/cmTC_7d83d.dir/link.txt --verbose=1
/usr/bin/cc -fPIC -DCHECK_FUNCTION_EXISTS=pthread_create    -rdynamic CMakeFiles/cmTC_7d83d.dir/CheckFunctionExists.c.o  -o cmTC_7d83d -lpthreads 
/usr/bin/ld: cannot find -lpthreads
collect2: error: ld returned 1 exit status
CMakeFiles/cmTC_7d83d.dir/build.make:97: recipe for target 'cmTC_7d83d' failed
make[1]: *** [cmTC_7d83d] Error 1
make[1]: Leaving directory '/mnt/nvidia/github/jetson-tx2/cuda/camera/cmake-build-debug/CMakeFiles/CMakeTmp'
Makefile:126: recipe for target 'cmTC_7d83d/fast' failed
make: *** [cmTC_7d83d/fast] Error 2


