Determining if the pthread_create exist failed with the following output:
Change Dir: /home/nvidia/github/jetson-tx2/cuda/opencv/onboard_camera/build/CMakeFiles/CMakeTmp

Run Build Command:"/usr/bin/make" "cmTC_9e828/fast"
/usr/bin/make -f CMakeFiles/cmTC_9e828.dir/build.make CMakeFiles/cmTC_9e828.dir/build
make[1]: Entering directory '/home/nvidia/github/jetson-tx2/cuda/opencv/onboard_camera/build/CMakeFiles/CMakeTmp'
Building C object CMakeFiles/cmTC_9e828.dir/CheckSymbolExists.c.o
/usr/bin/cc    -fPIC    -o CMakeFiles/cmTC_9e828.dir/CheckSymbolExists.c.o   -c /home/nvidia/github/jetson-tx2/cuda/opencv/onboard_camera/build/CMakeFiles/CMakeTmp/CheckSymbolExists.c
Linking C executable cmTC_9e828
/usr/bin/cmake -E cmake_link_script CMakeFiles/cmTC_9e828.dir/link.txt --verbose=1
/usr/bin/cc  -fPIC     CMakeFiles/cmTC_9e828.dir/CheckSymbolExists.c.o  -o cmTC_9e828 -rdynamic 
CMakeFiles/cmTC_9e828.dir/CheckSymbolExists.c.o: In function `main':
CheckSymbolExists.c:(.text+0x14): undefined reference to `pthread_create'
CheckSymbolExists.c:(.text+0x18): undefined reference to `pthread_create'
collect2: error: ld returned 1 exit status
CMakeFiles/cmTC_9e828.dir/build.make:97: recipe for target 'cmTC_9e828' failed
make[1]: *** [cmTC_9e828] Error 1
make[1]: Leaving directory '/home/nvidia/github/jetson-tx2/cuda/opencv/onboard_camera/build/CMakeFiles/CMakeTmp'
Makefile:126: recipe for target 'cmTC_9e828/fast' failed
make: *** [cmTC_9e828/fast] Error 2

File /home/nvidia/github/jetson-tx2/cuda/opencv/onboard_camera/build/CMakeFiles/CMakeTmp/CheckSymbolExists.c:
/* */
#include <pthread.h>

int main(int argc, char** argv)
{
  (void)argv;
#ifndef pthread_create
  return ((int*)(&pthread_create))[argc];
#else
  (void)argc;
  return 0;
#endif
}

Determining if the function pthread_create exists in the pthreads failed with the following output:
Change Dir: /home/nvidia/github/jetson-tx2/cuda/opencv/onboard_camera/build/CMakeFiles/CMakeTmp

Run Build Command:"/usr/bin/make" "cmTC_96701/fast"
/usr/bin/make -f CMakeFiles/cmTC_96701.dir/build.make CMakeFiles/cmTC_96701.dir/build
make[1]: Entering directory '/home/nvidia/github/jetson-tx2/cuda/opencv/onboard_camera/build/CMakeFiles/CMakeTmp'
Building C object CMakeFiles/cmTC_96701.dir/CheckFunctionExists.c.o
/usr/bin/cc    -fPIC -DCHECK_FUNCTION_EXISTS=pthread_create   -o CMakeFiles/cmTC_96701.dir/CheckFunctionExists.c.o   -c /usr/share/cmake-3.5/Modules/CheckFunctionExists.c
Linking C executable cmTC_96701
/usr/bin/cmake -E cmake_link_script CMakeFiles/cmTC_96701.dir/link.txt --verbose=1
/usr/bin/cc  -fPIC -DCHECK_FUNCTION_EXISTS=pthread_create    CMakeFiles/cmTC_96701.dir/CheckFunctionExists.c.o  -o cmTC_96701 -rdynamic -lpthreads 
/usr/bin/ld: cannot find -lpthreads
collect2: error: ld returned 1 exit status
CMakeFiles/cmTC_96701.dir/build.make:97: recipe for target 'cmTC_96701' failed
make[1]: *** [cmTC_96701] Error 1
make[1]: Leaving directory '/home/nvidia/github/jetson-tx2/cuda/opencv/onboard_camera/build/CMakeFiles/CMakeTmp'
Makefile:126: recipe for target 'cmTC_96701/fast' failed
make: *** [cmTC_96701/fast] Error 2


